[2023-07-05 14:45:30,089] {taskinstance.py:1179} INFO - Dependencies all met for <TaskInstance: API_ETL.cargar_data scheduled__2023-07-04T00:00:00+00:00 [queued]>
[2023-07-05 14:45:30,098] {taskinstance.py:1179} INFO - Dependencies all met for <TaskInstance: API_ETL.cargar_data scheduled__2023-07-04T00:00:00+00:00 [queued]>
[2023-07-05 14:45:30,099] {taskinstance.py:1376} INFO - 
--------------------------------------------------------------------------------
[2023-07-05 14:45:30,100] {taskinstance.py:1377} INFO - Starting attempt 1 of 6
[2023-07-05 14:45:30,100] {taskinstance.py:1378} INFO - 
--------------------------------------------------------------------------------
[2023-07-05 14:45:30,112] {taskinstance.py:1397} INFO - Executing <Task(PythonOperator): cargar_data> on 2023-07-04 00:00:00+00:00
[2023-07-05 14:45:30,121] {standard_task_runner.py:52} INFO - Started process 186 to run task
[2023-07-05 14:45:30,127] {standard_task_runner.py:79} INFO - Running: ['***', 'tasks', 'run', 'API_ETL', 'cargar_data', 'scheduled__2023-07-04T00:00:00+00:00', '--job-id', '27', '--raw', '--subdir', 'DAGS_FOLDER/API_ETL.py', '--cfg-path', '/tmp/tmpmniznnzk', '--error-file', '/tmp/tmpjxn9kx5b']
[2023-07-05 14:45:30,129] {standard_task_runner.py:80} INFO - Job 27: Subtask cargar_data
[2023-07-05 14:45:30,212] {task_command.py:371} INFO - Running <TaskInstance: API_ETL.cargar_data scheduled__2023-07-04T00:00:00+00:00 [running]> on host c8adaca8488b
[2023-07-05 14:45:30,254] {logging_mixin.py:115} WARNING - /home/***/.local/lib/python3.7/site-packages/***/utils/context.py:202 AirflowContextDeprecationWarning: Accessing 'execution_date' from the template is deprecated and will be removed in a future version. Please use 'data_interval_start' or 'logical_date' instead.
[2023-07-05 14:45:30,292] {taskinstance.py:1591} INFO - Exporting the following env vars:
AIRFLOW_CTX_DAG_OWNER=DylanKaplan
AIRFLOW_CTX_DAG_ID=API_ETL
AIRFLOW_CTX_TASK_ID=cargar_data
AIRFLOW_CTX_EXECUTION_DATE=2023-07-04T00:00:00+00:00
AIRFLOW_CTX_TRY_NUMBER=1
AIRFLOW_CTX_DAG_RUN_ID=scheduled__2023-07-04T00:00:00+00:00
[2023-07-05 14:45:30,294] {logging_mixin.py:115} INFO - Cargando la data para la fecha: 2023-07-04 0
[2023-07-05 14:45:32,648] {python.py:173} INFO - Done. Returned value was: None
[2023-07-05 14:45:32,665] {taskinstance.py:1420} INFO - Marking task as SUCCESS. dag_id=API_ETL, task_id=cargar_data, execution_date=20230704T000000, start_date=20230705T144530, end_date=20230705T144532
[2023-07-05 14:45:32,710] {local_task_job.py:156} INFO - Task exited with return code 0
[2023-07-05 14:45:32,744] {local_task_job.py:273} INFO - 1 downstream tasks scheduled from follow-on schedule check
