[2023-07-05 23:15:30,197] {taskinstance.py:1179} INFO - Dependencies all met for <TaskInstance: API_ETL.email manual__2023-07-05T23:05:24.092370+00:00 [queued]>
[2023-07-05 23:15:30,205] {taskinstance.py:1179} INFO - Dependencies all met for <TaskInstance: API_ETL.email manual__2023-07-05T23:05:24.092370+00:00 [queued]>
[2023-07-05 23:15:30,206] {taskinstance.py:1376} INFO - 
--------------------------------------------------------------------------------
[2023-07-05 23:15:30,207] {taskinstance.py:1377} INFO - Starting attempt 3 of 6
[2023-07-05 23:15:30,208] {taskinstance.py:1378} INFO - 
--------------------------------------------------------------------------------
[2023-07-05 23:15:30,218] {taskinstance.py:1397} INFO - Executing <Task(PythonOperator): email> on 2023-07-05 23:05:24.092370+00:00
[2023-07-05 23:15:30,223] {standard_task_runner.py:52} INFO - Started process 204 to run task
[2023-07-05 23:15:30,228] {standard_task_runner.py:79} INFO - Running: ['***', 'tasks', 'run', 'API_ETL', 'email', 'manual__2023-07-05T23:05:24.092370+00:00', '--job-id', '83', '--raw', '--subdir', 'DAGS_FOLDER/API_ETL.py', '--cfg-path', '/tmp/tmp4cp996k4', '--error-file', '/tmp/tmp1wke59z8']
[2023-07-05 23:15:30,230] {standard_task_runner.py:80} INFO - Job 83: Subtask email
[2023-07-05 23:15:30,297] {task_command.py:371} INFO - Running <TaskInstance: API_ETL.email manual__2023-07-05T23:05:24.092370+00:00 [running]> on host 8a8d74a7cb9c
[2023-07-05 23:15:30,341] {logging_mixin.py:115} WARNING - /home/***/.local/lib/python3.7/site-packages/***/utils/context.py:202 AirflowContextDeprecationWarning: Accessing 'execution_date' from the template is deprecated and will be removed in a future version. Please use 'data_interval_start' or 'logical_date' instead.
[2023-07-05 23:15:30,382] {taskinstance.py:1591} INFO - Exporting the following env vars:
AIRFLOW_CTX_DAG_OWNER=DylanKaplan
AIRFLOW_CTX_DAG_ID=API_ETL
AIRFLOW_CTX_TASK_ID=email
AIRFLOW_CTX_EXECUTION_DATE=2023-07-05T23:05:24.092370+00:00
AIRFLOW_CTX_TRY_NUMBER=3
AIRFLOW_CTX_DAG_RUN_ID=manual__2023-07-05T23:05:24.092370+00:00
[2023-07-05 23:15:30,406] {logging_mixin.py:115} INFO - No se envía mail
[2023-07-05 23:15:30,407] {python.py:173} INFO - Done. Returned value was: None
[2023-07-05 23:15:30,421] {taskinstance.py:1420} INFO - Marking task as SUCCESS. dag_id=API_ETL, task_id=email, execution_date=20230705T230524, start_date=20230705T231530, end_date=20230705T231530
[2023-07-05 23:15:30,485] {local_task_job.py:156} INFO - Task exited with return code 0
[2023-07-05 23:15:30,525] {local_task_job.py:273} INFO - 1 downstream tasks scheduled from follow-on schedule check
