[2023-07-05 23:38:20,035] {taskinstance.py:1179} INFO - Dependencies all met for <TaskInstance: API_ETL.conexion_BD manual__2023-07-05T23:38:14.512175+00:00 [queued]>
[2023-07-05 23:38:20,043] {taskinstance.py:1179} INFO - Dependencies all met for <TaskInstance: API_ETL.conexion_BD manual__2023-07-05T23:38:14.512175+00:00 [queued]>
[2023-07-05 23:38:20,044] {taskinstance.py:1376} INFO - 
--------------------------------------------------------------------------------
[2023-07-05 23:38:20,045] {taskinstance.py:1377} INFO - Starting attempt 1 of 6
[2023-07-05 23:38:20,045] {taskinstance.py:1378} INFO - 
--------------------------------------------------------------------------------
[2023-07-05 23:38:20,057] {taskinstance.py:1397} INFO - Executing <Task(PythonOperator): conexion_BD> on 2023-07-05 23:38:14.512175+00:00
[2023-07-05 23:38:20,062] {standard_task_runner.py:52} INFO - Started process 195 to run task
[2023-07-05 23:38:20,067] {standard_task_runner.py:79} INFO - Running: ['***', 'tasks', 'run', 'API_ETL', 'conexion_BD', 'manual__2023-07-05T23:38:14.512175+00:00', '--job-id', '133', '--raw', '--subdir', 'DAGS_FOLDER/API_ETL.py', '--cfg-path', '/tmp/tmpn4dw4ue9', '--error-file', '/tmp/tmp9z051hz1']
[2023-07-05 23:38:20,069] {standard_task_runner.py:80} INFO - Job 133: Subtask conexion_BD
[2023-07-05 23:38:20,139] {task_command.py:371} INFO - Running <TaskInstance: API_ETL.conexion_BD manual__2023-07-05T23:38:14.512175+00:00 [running]> on host 8a8d74a7cb9c
[2023-07-05 23:38:20,177] {logging_mixin.py:115} WARNING - /home/***/.local/lib/python3.7/site-packages/***/utils/context.py:202 AirflowContextDeprecationWarning: Accessing 'execution_date' from the template is deprecated and will be removed in a future version. Please use 'data_interval_start' or 'logical_date' instead.
[2023-07-05 23:38:20,215] {taskinstance.py:1591} INFO - Exporting the following env vars:
AIRFLOW_CTX_DAG_OWNER=DylanKaplan
AIRFLOW_CTX_DAG_ID=API_ETL
AIRFLOW_CTX_TASK_ID=conexion_BD
AIRFLOW_CTX_EXECUTION_DATE=2023-07-05T23:38:14.512175+00:00
AIRFLOW_CTX_TRY_NUMBER=1
AIRFLOW_CTX_DAG_RUN_ID=manual__2023-07-05T23:38:14.512175+00:00
[2023-07-05 23:38:20,217] {logging_mixin.py:115} INFO - Conectandose a la BD en la fecha: 2023-07-05 23
[2023-07-05 23:38:21,560] {logging_mixin.py:115} INFO - <connection object at 0xffff7f2ff590; dsn: 'user=kaplan46611_coderhouse password=xxx dbname=data-engineer-database host=data-engineer-cluster.cyhh5bfevlmn.us-east-1.redshift.amazonaws.com port=5439', closed: 0>
[2023-07-05 23:38:21,562] {logging_mixin.py:115} INFO - Connected to Redshift successfully!
[2023-07-05 23:38:21,564] {python.py:173} INFO - Done. Returned value was: None
[2023-07-05 23:38:21,591] {taskinstance.py:1420} INFO - Marking task as SUCCESS. dag_id=API_ETL, task_id=conexion_BD, execution_date=20230705T233814, start_date=20230705T233820, end_date=20230705T233821
[2023-07-05 23:38:21,647] {local_task_job.py:156} INFO - Task exited with return code 0
[2023-07-05 23:38:21,683] {local_task_job.py:273} INFO - 1 downstream tasks scheduled from follow-on schedule check
