[2023-07-05 23:15:01,463] {taskinstance.py:1179} INFO - Dependencies all met for <TaskInstance: API_ETL.email manual__2023-07-05T22:54:41.605832+00:00 [queued]>
[2023-07-05 23:15:01,477] {taskinstance.py:1179} INFO - Dependencies all met for <TaskInstance: API_ETL.email manual__2023-07-05T22:54:41.605832+00:00 [queued]>
[2023-07-05 23:15:01,478] {taskinstance.py:1376} INFO - 
--------------------------------------------------------------------------------
[2023-07-05 23:15:01,480] {taskinstance.py:1377} INFO - Starting attempt 5 of 6
[2023-07-05 23:15:01,481] {taskinstance.py:1378} INFO - 
--------------------------------------------------------------------------------
[2023-07-05 23:15:01,497] {taskinstance.py:1397} INFO - Executing <Task(PythonOperator): email> on 2023-07-05 22:54:41.605832+00:00
[2023-07-05 23:15:01,506] {standard_task_runner.py:52} INFO - Started process 177 to run task
[2023-07-05 23:15:01,513] {standard_task_runner.py:79} INFO - Running: ['***', 'tasks', 'run', 'API_ETL', 'email', 'manual__2023-07-05T22:54:41.605832+00:00', '--job-id', '80', '--raw', '--subdir', 'DAGS_FOLDER/API_ETL.py', '--cfg-path', '/tmp/tmp9kn63zqz', '--error-file', '/tmp/tmpuzk9mqt9']
[2023-07-05 23:15:01,516] {standard_task_runner.py:80} INFO - Job 80: Subtask email
[2023-07-05 23:15:01,634] {task_command.py:371} INFO - Running <TaskInstance: API_ETL.email manual__2023-07-05T22:54:41.605832+00:00 [running]> on host 8a8d74a7cb9c
[2023-07-05 23:15:01,702] {logging_mixin.py:115} WARNING - /home/***/.local/lib/python3.7/site-packages/***/utils/context.py:202 AirflowContextDeprecationWarning: Accessing 'execution_date' from the template is deprecated and will be removed in a future version. Please use 'data_interval_start' or 'logical_date' instead.
[2023-07-05 23:15:01,770] {taskinstance.py:1591} INFO - Exporting the following env vars:
AIRFLOW_CTX_DAG_OWNER=DylanKaplan
AIRFLOW_CTX_DAG_ID=API_ETL
AIRFLOW_CTX_TASK_ID=email
AIRFLOW_CTX_EXECUTION_DATE=2023-07-05T22:54:41.605832+00:00
AIRFLOW_CTX_TRY_NUMBER=5
AIRFLOW_CTX_DAG_RUN_ID=manual__2023-07-05T22:54:41.605832+00:00
[2023-07-05 23:15:01,791] {logging_mixin.py:115} INFO - No se envía mail
[2023-07-05 23:15:01,792] {python.py:173} INFO - Done. Returned value was: None
[2023-07-05 23:15:01,824] {taskinstance.py:1420} INFO - Marking task as SUCCESS. dag_id=API_ETL, task_id=email, execution_date=20230705T225441, start_date=20230705T231501, end_date=20230705T231501
[2023-07-05 23:15:01,892] {local_task_job.py:156} INFO - Task exited with return code 0
[2023-07-05 23:15:02,001] {local_task_job.py:273} INFO - 0 downstream tasks scheduled from follow-on schedule check
