[2023-07-05 14:45:27,701] {taskinstance.py:1179} INFO - Dependencies all met for <TaskInstance: API_ETL.extraer_data scheduled__2023-07-04T00:00:00+00:00 [queued]>
[2023-07-05 14:45:27,714] {taskinstance.py:1179} INFO - Dependencies all met for <TaskInstance: API_ETL.extraer_data scheduled__2023-07-04T00:00:00+00:00 [queued]>
[2023-07-05 14:45:27,716] {taskinstance.py:1376} INFO - 
--------------------------------------------------------------------------------
[2023-07-05 14:45:27,716] {taskinstance.py:1377} INFO - Starting attempt 1 of 6
[2023-07-05 14:45:27,717] {taskinstance.py:1378} INFO - 
--------------------------------------------------------------------------------
[2023-07-05 14:45:27,749] {taskinstance.py:1397} INFO - Executing <Task(PythonOperator): extraer_data> on 2023-07-04 00:00:00+00:00
[2023-07-05 14:45:27,762] {standard_task_runner.py:52} INFO - Started process 179 to run task
[2023-07-05 14:45:27,772] {standard_task_runner.py:79} INFO - Running: ['***', 'tasks', 'run', 'API_ETL', 'extraer_data', 'scheduled__2023-07-04T00:00:00+00:00', '--job-id', '25', '--raw', '--subdir', 'DAGS_FOLDER/API_ETL.py', '--cfg-path', '/tmp/tmp7qi3298i', '--error-file', '/tmp/tmp31enf_8_']
[2023-07-05 14:45:27,778] {standard_task_runner.py:80} INFO - Job 25: Subtask extraer_data
[2023-07-05 14:45:27,975] {task_command.py:371} INFO - Running <TaskInstance: API_ETL.extraer_data scheduled__2023-07-04T00:00:00+00:00 [running]> on host c8adaca8488b
[2023-07-05 14:45:28,044] {logging_mixin.py:115} WARNING - /home/***/.local/lib/python3.7/site-packages/***/utils/context.py:202 AirflowContextDeprecationWarning: Accessing 'execution_date' from the template is deprecated and will be removed in a future version. Please use 'data_interval_start' or 'logical_date' instead.
[2023-07-05 14:45:28,120] {taskinstance.py:1591} INFO - Exporting the following env vars:
AIRFLOW_CTX_DAG_OWNER=DylanKaplan
AIRFLOW_CTX_DAG_ID=API_ETL
AIRFLOW_CTX_TASK_ID=extraer_data
AIRFLOW_CTX_EXECUTION_DATE=2023-07-04T00:00:00+00:00
AIRFLOW_CTX_TRY_NUMBER=1
AIRFLOW_CTX_DAG_RUN_ID=scheduled__2023-07-04T00:00:00+00:00
[2023-07-05 14:45:28,132] {logging_mixin.py:115} INFO - Adquiriendo data para la fecha: 2023-07-04 0
[2023-07-05 14:45:28,607] {python.py:173} INFO - Done. Returned value was: None
[2023-07-05 14:45:28,627] {taskinstance.py:1420} INFO - Marking task as SUCCESS. dag_id=API_ETL, task_id=extraer_data, execution_date=20230704T000000, start_date=20230705T144527, end_date=20230705T144528
[2023-07-05 14:45:28,659] {local_task_job.py:156} INFO - Task exited with return code 0
[2023-07-05 14:45:28,694] {local_task_job.py:273} INFO - 1 downstream tasks scheduled from follow-on schedule check
