[2023-07-05 23:03:33,767] {taskinstance.py:1179} INFO - Dependencies all met for <TaskInstance: API_ETL.extraer_data manual__2023-07-05T23:03:32.430437+00:00 [queued]>
[2023-07-05 23:03:33,774] {taskinstance.py:1179} INFO - Dependencies all met for <TaskInstance: API_ETL.extraer_data manual__2023-07-05T23:03:32.430437+00:00 [queued]>
[2023-07-05 23:03:33,775] {taskinstance.py:1376} INFO - 
--------------------------------------------------------------------------------
[2023-07-05 23:03:33,776] {taskinstance.py:1377} INFO - Starting attempt 1 of 6
[2023-07-05 23:03:33,776] {taskinstance.py:1378} INFO - 
--------------------------------------------------------------------------------
[2023-07-05 23:03:33,787] {taskinstance.py:1397} INFO - Executing <Task(PythonOperator): extraer_data> on 2023-07-05 23:03:32.430437+00:00
[2023-07-05 23:03:33,793] {standard_task_runner.py:52} INFO - Started process 183 to run task
[2023-07-05 23:03:33,798] {standard_task_runner.py:79} INFO - Running: ['***', 'tasks', 'run', 'API_ETL', 'extraer_data', 'manual__2023-07-05T23:03:32.430437+00:00', '--job-id', '56', '--raw', '--subdir', 'DAGS_FOLDER/API_ETL.py', '--cfg-path', '/tmp/tmputn8mw9f', '--error-file', '/tmp/tmpne9ke7kw']
[2023-07-05 23:03:33,799] {standard_task_runner.py:80} INFO - Job 56: Subtask extraer_data
[2023-07-05 23:03:33,869] {task_command.py:371} INFO - Running <TaskInstance: API_ETL.extraer_data manual__2023-07-05T23:03:32.430437+00:00 [running]> on host 0808ffb1fb61
[2023-07-05 23:03:33,906] {logging_mixin.py:115} WARNING - /home/***/.local/lib/python3.7/site-packages/***/utils/context.py:202 AirflowContextDeprecationWarning: Accessing 'execution_date' from the template is deprecated and will be removed in a future version. Please use 'data_interval_start' or 'logical_date' instead.
[2023-07-05 23:03:33,943] {taskinstance.py:1591} INFO - Exporting the following env vars:
AIRFLOW_CTX_DAG_OWNER=DylanKaplan
AIRFLOW_CTX_DAG_ID=API_ETL
AIRFLOW_CTX_TASK_ID=extraer_data
AIRFLOW_CTX_EXECUTION_DATE=2023-07-05T23:03:32.430437+00:00
AIRFLOW_CTX_TRY_NUMBER=1
AIRFLOW_CTX_DAG_RUN_ID=manual__2023-07-05T23:03:32.430437+00:00
[2023-07-05 23:03:33,945] {logging_mixin.py:115} INFO - Adquiriendo data para la fecha: 2023-07-05 23
[2023-07-05 23:03:34,373] {python.py:173} INFO - Done. Returned value was: None
[2023-07-05 23:03:34,404] {taskinstance.py:1420} INFO - Marking task as SUCCESS. dag_id=API_ETL, task_id=extraer_data, execution_date=20230705T230332, start_date=20230705T230333, end_date=20230705T230334
[2023-07-05 23:03:34,432] {local_task_job.py:156} INFO - Task exited with return code 0
[2023-07-05 23:03:34,473] {local_task_job.py:273} INFO - 1 downstream tasks scheduled from follow-on schedule check
