[2023-07-05 22:50:27,827] {taskinstance.py:1179} INFO - Dependencies all met for <TaskInstance: API_ETL.cargar_data manual__2023-07-05T22:50:17.626317+00:00 [queued]>
[2023-07-05 22:50:27,835] {taskinstance.py:1179} INFO - Dependencies all met for <TaskInstance: API_ETL.cargar_data manual__2023-07-05T22:50:17.626317+00:00 [queued]>
[2023-07-05 22:50:27,836] {taskinstance.py:1376} INFO - 
--------------------------------------------------------------------------------
[2023-07-05 22:50:27,836] {taskinstance.py:1377} INFO - Starting attempt 1 of 6
[2023-07-05 22:50:27,837] {taskinstance.py:1378} INFO - 
--------------------------------------------------------------------------------
[2023-07-05 22:50:27,848] {taskinstance.py:1397} INFO - Executing <Task(PythonOperator): cargar_data> on 2023-07-05 22:50:17.626317+00:00
[2023-07-05 22:50:27,855] {standard_task_runner.py:52} INFO - Started process 204 to run task
[2023-07-05 22:50:27,860] {standard_task_runner.py:79} INFO - Running: ['***', 'tasks', 'run', 'API_ETL', 'cargar_data', 'manual__2023-07-05T22:50:17.626317+00:00', '--job-id', '47', '--raw', '--subdir', 'DAGS_FOLDER/API_ETL.py', '--cfg-path', '/tmp/tmp8j4t32j_', '--error-file', '/tmp/tmpr7nh_1hc']
[2023-07-05 22:50:27,862] {standard_task_runner.py:80} INFO - Job 47: Subtask cargar_data
[2023-07-05 22:50:27,930] {task_command.py:371} INFO - Running <TaskInstance: API_ETL.cargar_data manual__2023-07-05T22:50:17.626317+00:00 [running]> on host 7f606d972463
[2023-07-05 22:50:27,968] {logging_mixin.py:115} WARNING - /home/***/.local/lib/python3.7/site-packages/***/utils/context.py:202 AirflowContextDeprecationWarning: Accessing 'execution_date' from the template is deprecated and will be removed in a future version. Please use 'data_interval_start' or 'logical_date' instead.
[2023-07-05 22:50:28,006] {taskinstance.py:1591} INFO - Exporting the following env vars:
AIRFLOW_CTX_DAG_OWNER=DylanKaplan
AIRFLOW_CTX_DAG_ID=API_ETL
AIRFLOW_CTX_TASK_ID=cargar_data
AIRFLOW_CTX_EXECUTION_DATE=2023-07-05T22:50:17.626317+00:00
AIRFLOW_CTX_TRY_NUMBER=1
AIRFLOW_CTX_DAG_RUN_ID=manual__2023-07-05T22:50:17.626317+00:00
[2023-07-05 22:50:28,008] {logging_mixin.py:115} INFO - Cargando la data para la fecha: 2023-07-05 22
[2023-07-05 22:50:30,437] {python.py:173} INFO - Done. Returned value was: None
[2023-07-05 22:50:30,466] {taskinstance.py:1420} INFO - Marking task as SUCCESS. dag_id=API_ETL, task_id=cargar_data, execution_date=20230705T225017, start_date=20230705T225027, end_date=20230705T225030
[2023-07-05 22:50:30,495] {local_task_job.py:156} INFO - Task exited with return code 0
[2023-07-05 22:50:30,525] {local_task_job.py:273} INFO - 0 downstream tasks scheduled from follow-on schedule check
