[2023-07-05 23:07:39,879] {taskinstance.py:1179} INFO - Dependencies all met for <TaskInstance: API_ETL.extraer_data manual__2023-07-05T23:07:39.054514+00:00 [queued]>
[2023-07-05 23:07:39,887] {taskinstance.py:1179} INFO - Dependencies all met for <TaskInstance: API_ETL.extraer_data manual__2023-07-05T23:07:39.054514+00:00 [queued]>
[2023-07-05 23:07:39,887] {taskinstance.py:1376} INFO - 
--------------------------------------------------------------------------------
[2023-07-05 23:07:39,888] {taskinstance.py:1377} INFO - Starting attempt 1 of 6
[2023-07-05 23:07:39,889] {taskinstance.py:1378} INFO - 
--------------------------------------------------------------------------------
[2023-07-05 23:07:39,899] {taskinstance.py:1397} INFO - Executing <Task(PythonOperator): extraer_data> on 2023-07-05 23:07:39.054514+00:00
[2023-07-05 23:07:39,905] {standard_task_runner.py:52} INFO - Started process 182 to run task
[2023-07-05 23:07:39,910] {standard_task_runner.py:79} INFO - Running: ['***', 'tasks', 'run', 'API_ETL', 'extraer_data', 'manual__2023-07-05T23:07:39.054514+00:00', '--job-id', '66', '--raw', '--subdir', 'DAGS_FOLDER/API_ETL.py', '--cfg-path', '/tmp/tmpbl44ezqo', '--error-file', '/tmp/tmp8vsqmdct']
[2023-07-05 23:07:39,912] {standard_task_runner.py:80} INFO - Job 66: Subtask extraer_data
[2023-07-05 23:07:39,981] {task_command.py:371} INFO - Running <TaskInstance: API_ETL.extraer_data manual__2023-07-05T23:07:39.054514+00:00 [running]> on host 0808ffb1fb61
[2023-07-05 23:07:40,021] {logging_mixin.py:115} WARNING - /home/***/.local/lib/python3.7/site-packages/***/utils/context.py:202 AirflowContextDeprecationWarning: Accessing 'execution_date' from the template is deprecated and will be removed in a future version. Please use 'data_interval_start' or 'logical_date' instead.
[2023-07-05 23:07:40,060] {taskinstance.py:1591} INFO - Exporting the following env vars:
AIRFLOW_CTX_DAG_OWNER=DylanKaplan
AIRFLOW_CTX_DAG_ID=API_ETL
AIRFLOW_CTX_TASK_ID=extraer_data
AIRFLOW_CTX_EXECUTION_DATE=2023-07-05T23:07:39.054514+00:00
AIRFLOW_CTX_TRY_NUMBER=1
AIRFLOW_CTX_DAG_RUN_ID=manual__2023-07-05T23:07:39.054514+00:00
[2023-07-05 23:07:40,062] {logging_mixin.py:115} INFO - Adquiriendo data para la fecha: 2023-07-05 23
[2023-07-05 23:07:40,476] {python.py:173} INFO - Done. Returned value was: None
[2023-07-05 23:07:40,497] {taskinstance.py:1420} INFO - Marking task as SUCCESS. dag_id=API_ETL, task_id=extraer_data, execution_date=20230705T230739, start_date=20230705T230739, end_date=20230705T230740
[2023-07-05 23:07:40,536] {local_task_job.py:156} INFO - Task exited with return code 0
[2023-07-05 23:07:40,582] {local_task_job.py:273} INFO - 1 downstream tasks scheduled from follow-on schedule check
