[2023-07-05 23:27:22,732] {taskinstance.py:1179} INFO - Dependencies all met for <TaskInstance: API_ETL.extraer_data manual__2023-07-05T23:27:21.665489+00:00 [queued]>
[2023-07-05 23:27:22,740] {taskinstance.py:1179} INFO - Dependencies all met for <TaskInstance: API_ETL.extraer_data manual__2023-07-05T23:27:21.665489+00:00 [queued]>
[2023-07-05 23:27:22,741] {taskinstance.py:1376} INFO - 
--------------------------------------------------------------------------------
[2023-07-05 23:27:22,741] {taskinstance.py:1377} INFO - Starting attempt 1 of 6
[2023-07-05 23:27:22,742] {taskinstance.py:1378} INFO - 
--------------------------------------------------------------------------------
[2023-07-05 23:27:22,753] {taskinstance.py:1397} INFO - Executing <Task(PythonOperator): extraer_data> on 2023-07-05 23:27:21.665489+00:00
[2023-07-05 23:27:22,759] {standard_task_runner.py:52} INFO - Started process 183 to run task
[2023-07-05 23:27:22,764] {standard_task_runner.py:79} INFO - Running: ['***', 'tasks', 'run', 'API_ETL', 'extraer_data', 'manual__2023-07-05T23:27:21.665489+00:00', '--job-id', '98', '--raw', '--subdir', 'DAGS_FOLDER/API_ETL.py', '--cfg-path', '/tmp/tmpj_jsonib', '--error-file', '/tmp/tmpzpd9lwv2']
[2023-07-05 23:27:22,766] {standard_task_runner.py:80} INFO - Job 98: Subtask extraer_data
[2023-07-05 23:27:22,835] {task_command.py:371} INFO - Running <TaskInstance: API_ETL.extraer_data manual__2023-07-05T23:27:21.665489+00:00 [running]> on host 8a8d74a7cb9c
[2023-07-05 23:27:22,871] {logging_mixin.py:115} WARNING - /home/***/.local/lib/python3.7/site-packages/***/utils/context.py:202 AirflowContextDeprecationWarning: Accessing 'execution_date' from the template is deprecated and will be removed in a future version. Please use 'data_interval_start' or 'logical_date' instead.
[2023-07-05 23:27:22,908] {taskinstance.py:1591} INFO - Exporting the following env vars:
AIRFLOW_CTX_DAG_OWNER=DylanKaplan
AIRFLOW_CTX_DAG_ID=API_ETL
AIRFLOW_CTX_TASK_ID=extraer_data
AIRFLOW_CTX_EXECUTION_DATE=2023-07-05T23:27:21.665489+00:00
AIRFLOW_CTX_TRY_NUMBER=1
AIRFLOW_CTX_DAG_RUN_ID=manual__2023-07-05T23:27:21.665489+00:00
[2023-07-05 23:27:22,910] {logging_mixin.py:115} INFO - Adquiriendo data para la fecha: 2023-07-05 23
[2023-07-05 23:27:23,334] {python.py:173} INFO - Done. Returned value was: None
[2023-07-05 23:27:23,352] {taskinstance.py:1420} INFO - Marking task as SUCCESS. dag_id=API_ETL, task_id=extraer_data, execution_date=20230705T232721, start_date=20230705T232722, end_date=20230705T232723
[2023-07-05 23:27:23,404] {local_task_job.py:156} INFO - Task exited with return code 0
[2023-07-05 23:27:23,473] {local_task_job.py:273} INFO - 0 downstream tasks scheduled from follow-on schedule check
