[2023-07-01 15:59:06,465] {taskinstance.py:1179} INFO - Dependencies all met for <TaskInstance: API_ETL.extraer_data manual__2023-07-01T15:59:05.818415+00:00 [queued]>
[2023-07-01 15:59:06,470] {taskinstance.py:1179} INFO - Dependencies all met for <TaskInstance: API_ETL.extraer_data manual__2023-07-01T15:59:05.818415+00:00 [queued]>
[2023-07-01 15:59:06,470] {taskinstance.py:1376} INFO - 
--------------------------------------------------------------------------------
[2023-07-01 15:59:06,470] {taskinstance.py:1377} INFO - Starting attempt 1 of 6
[2023-07-01 15:59:06,471] {taskinstance.py:1378} INFO - 
--------------------------------------------------------------------------------
[2023-07-01 15:59:06,477] {taskinstance.py:1397} INFO - Executing <Task(PythonOperator): extraer_data> on 2023-07-01 15:59:05.818415+00:00
[2023-07-01 15:59:06,481] {standard_task_runner.py:52} INFO - Started process 177 to run task
[2023-07-01 15:59:06,484] {standard_task_runner.py:79} INFO - Running: ['***', 'tasks', 'run', 'API_ETL', 'extraer_data', 'manual__2023-07-01T15:59:05.818415+00:00', '--job-id', '14', '--raw', '--subdir', 'DAGS_FOLDER/API_ETL.py', '--cfg-path', '/tmp/tmp7nckzpac', '--error-file', '/tmp/tmpoibu_uev']
[2023-07-01 15:59:06,485] {standard_task_runner.py:80} INFO - Job 14: Subtask extraer_data
[2023-07-01 15:59:06,527] {task_command.py:371} INFO - Running <TaskInstance: API_ETL.extraer_data manual__2023-07-01T15:59:05.818415+00:00 [running]> on host c8adaca8488b
[2023-07-01 15:59:06,550] {logging_mixin.py:115} WARNING - /home/***/.local/lib/python3.7/site-packages/***/utils/context.py:202 AirflowContextDeprecationWarning: Accessing 'execution_date' from the template is deprecated and will be removed in a future version. Please use 'data_interval_start' or 'logical_date' instead.
[2023-07-01 15:59:06,573] {taskinstance.py:1591} INFO - Exporting the following env vars:
AIRFLOW_CTX_DAG_OWNER=DylanKaplan
AIRFLOW_CTX_DAG_ID=API_ETL
AIRFLOW_CTX_TASK_ID=extraer_data
AIRFLOW_CTX_EXECUTION_DATE=2023-07-01T15:59:05.818415+00:00
AIRFLOW_CTX_TRY_NUMBER=1
AIRFLOW_CTX_DAG_RUN_ID=manual__2023-07-01T15:59:05.818415+00:00
[2023-07-01 15:59:06,574] {logging_mixin.py:115} INFO - Adquiriendo data para la fecha: 2023-07-01 15
[2023-07-01 15:59:06,981] {python.py:173} INFO - Done. Returned value was: None
[2023-07-01 15:59:06,995] {taskinstance.py:1420} INFO - Marking task as SUCCESS. dag_id=API_ETL, task_id=extraer_data, execution_date=20230701T155905, start_date=20230701T155906, end_date=20230701T155906
[2023-07-01 15:59:07,039] {local_task_job.py:156} INFO - Task exited with return code 0
[2023-07-01 15:59:07,068] {local_task_job.py:273} INFO - 1 downstream tasks scheduled from follow-on schedule check
