[2023-07-05 23:34:18,769] {taskinstance.py:1179} INFO - Dependencies all met for <TaskInstance: API_ETL.conexion_BD manual__2023-07-05T23:07:39.054514+00:00 [queued]>
[2023-07-05 23:34:18,805] {taskinstance.py:1179} INFO - Dependencies all met for <TaskInstance: API_ETL.conexion_BD manual__2023-07-05T23:07:39.054514+00:00 [queued]>
[2023-07-05 23:34:18,808] {taskinstance.py:1376} INFO - 
--------------------------------------------------------------------------------
[2023-07-05 23:34:18,811] {taskinstance.py:1377} INFO - Starting attempt 1 of 6
[2023-07-05 23:34:18,824] {taskinstance.py:1378} INFO - 
--------------------------------------------------------------------------------
[2023-07-05 23:34:18,924] {taskinstance.py:1397} INFO - Executing <Task(PythonOperator): conexion_BD> on 2023-07-05 23:07:39.054514+00:00
[2023-07-05 23:34:18,964] {standard_task_runner.py:52} INFO - Started process 201 to run task
[2023-07-05 23:34:18,984] {standard_task_runner.py:79} INFO - Running: ['***', 'tasks', 'run', 'API_ETL', 'conexion_BD', 'manual__2023-07-05T23:07:39.054514+00:00', '--job-id', '112', '--raw', '--subdir', 'DAGS_FOLDER/API_ETL.py', '--cfg-path', '/tmp/tmpoa4ishef', '--error-file', '/tmp/tmp57z34pdc']
[2023-07-05 23:34:19,010] {standard_task_runner.py:80} INFO - Job 112: Subtask conexion_BD
[2023-07-05 23:34:19,365] {task_command.py:371} INFO - Running <TaskInstance: API_ETL.conexion_BD manual__2023-07-05T23:07:39.054514+00:00 [running]> on host 8a8d74a7cb9c
[2023-07-05 23:34:19,785] {logging_mixin.py:115} WARNING - /home/***/.local/lib/python3.7/site-packages/***/utils/context.py:202 AirflowContextDeprecationWarning: Accessing 'execution_date' from the template is deprecated and will be removed in a future version. Please use 'data_interval_start' or 'logical_date' instead.
[2023-07-05 23:34:20,044] {taskinstance.py:1591} INFO - Exporting the following env vars:
AIRFLOW_CTX_DAG_OWNER=DylanKaplan
AIRFLOW_CTX_DAG_ID=API_ETL
AIRFLOW_CTX_TASK_ID=conexion_BD
AIRFLOW_CTX_EXECUTION_DATE=2023-07-05T23:07:39.054514+00:00
AIRFLOW_CTX_TRY_NUMBER=1
AIRFLOW_CTX_DAG_RUN_ID=manual__2023-07-05T23:07:39.054514+00:00
[2023-07-05 23:34:20,051] {logging_mixin.py:115} INFO - Conectandose a la BD en la fecha: 2023-07-05 23
[2023-07-05 23:34:21,428] {logging_mixin.py:115} INFO - <connection object at 0xffffa4f5c440; dsn: 'user=kaplan46611_coderhouse password=xxx dbname=data-engineer-database host=data-engineer-cluster.cyhh5bfevlmn.us-east-1.redshift.amazonaws.com port=5439', closed: 0>
[2023-07-05 23:34:21,430] {logging_mixin.py:115} INFO - Connected to Redshift successfully!
[2023-07-05 23:34:21,431] {python.py:173} INFO - Done. Returned value was: None
[2023-07-05 23:34:21,459] {taskinstance.py:1420} INFO - Marking task as SUCCESS. dag_id=API_ETL, task_id=conexion_BD, execution_date=20230705T230739, start_date=20230705T233418, end_date=20230705T233421
[2023-07-05 23:34:21,530] {local_task_job.py:156} INFO - Task exited with return code 0
[2023-07-05 23:34:21,651] {local_task_job.py:273} INFO - 1 downstream tasks scheduled from follow-on schedule check
