[2023-07-05 23:34:14,486] {taskinstance.py:1179} INFO - Dependencies all met for <TaskInstance: API_ETL.email manual__2023-07-05T23:11:59.545221+00:00 [queued]>
[2023-07-05 23:34:14,525] {taskinstance.py:1179} INFO - Dependencies all met for <TaskInstance: API_ETL.email manual__2023-07-05T23:11:59.545221+00:00 [queued]>
[2023-07-05 23:34:14,526] {taskinstance.py:1376} INFO - 
--------------------------------------------------------------------------------
[2023-07-05 23:34:14,526] {taskinstance.py:1377} INFO - Starting attempt 4 of 6
[2023-07-05 23:34:14,527] {taskinstance.py:1378} INFO - 
--------------------------------------------------------------------------------
[2023-07-05 23:34:14,585] {taskinstance.py:1397} INFO - Executing <Task(PythonOperator): email> on 2023-07-05 23:11:59.545221+00:00
[2023-07-05 23:34:14,607] {standard_task_runner.py:52} INFO - Started process 187 to run task
[2023-07-05 23:34:14,648] {standard_task_runner.py:79} INFO - Running: ['***', 'tasks', 'run', 'API_ETL', 'email', 'manual__2023-07-05T23:11:59.545221+00:00', '--job-id', '109', '--raw', '--subdir', 'DAGS_FOLDER/API_ETL.py', '--cfg-path', '/tmp/tmpjor1vg0d', '--error-file', '/tmp/tmpoh18kcu8']
[2023-07-05 23:34:14,652] {standard_task_runner.py:80} INFO - Job 109: Subtask email
[2023-07-05 23:34:15,043] {task_command.py:371} INFO - Running <TaskInstance: API_ETL.email manual__2023-07-05T23:11:59.545221+00:00 [running]> on host 8a8d74a7cb9c
[2023-07-05 23:34:15,220] {logging_mixin.py:115} WARNING - /home/***/.local/lib/python3.7/site-packages/***/utils/context.py:202 AirflowContextDeprecationWarning: Accessing 'execution_date' from the template is deprecated and will be removed in a future version. Please use 'data_interval_start' or 'logical_date' instead.
[2023-07-05 23:34:15,351] {taskinstance.py:1591} INFO - Exporting the following env vars:
AIRFLOW_CTX_DAG_OWNER=DylanKaplan
AIRFLOW_CTX_DAG_ID=API_ETL
AIRFLOW_CTX_TASK_ID=email
AIRFLOW_CTX_EXECUTION_DATE=2023-07-05T23:11:59.545221+00:00
AIRFLOW_CTX_TRY_NUMBER=4
AIRFLOW_CTX_DAG_RUN_ID=manual__2023-07-05T23:11:59.545221+00:00
[2023-07-05 23:34:15,433] {logging_mixin.py:115} INFO - No se envía mail
[2023-07-05 23:34:15,434] {python.py:173} INFO - Done. Returned value was: None
[2023-07-05 23:34:15,512] {taskinstance.py:1420} INFO - Marking task as SUCCESS. dag_id=API_ETL, task_id=email, execution_date=20230705T231159, start_date=20230705T233414, end_date=20230705T233415
[2023-07-05 23:34:15,696] {local_task_job.py:156} INFO - Task exited with return code 0
[2023-07-05 23:34:15,862] {local_task_job.py:273} INFO - 0 downstream tasks scheduled from follow-on schedule check
