[2023-07-05 23:34:20,301] {taskinstance.py:1179} INFO - Dependencies all met for <TaskInstance: API_ETL.conexion_BD manual__2023-07-05T23:27:21.665489+00:00 [queued]>
[2023-07-05 23:34:20,341] {taskinstance.py:1179} INFO - Dependencies all met for <TaskInstance: API_ETL.conexion_BD manual__2023-07-05T23:27:21.665489+00:00 [queued]>
[2023-07-05 23:34:20,343] {taskinstance.py:1376} INFO - 
--------------------------------------------------------------------------------
[2023-07-05 23:34:20,344] {taskinstance.py:1377} INFO - Starting attempt 1 of 6
[2023-07-05 23:34:20,345] {taskinstance.py:1378} INFO - 
--------------------------------------------------------------------------------
[2023-07-05 23:34:20,392] {taskinstance.py:1397} INFO - Executing <Task(PythonOperator): conexion_BD> on 2023-07-05 23:27:21.665489+00:00
[2023-07-05 23:34:20,407] {standard_task_runner.py:52} INFO - Started process 204 to run task
[2023-07-05 23:34:20,414] {standard_task_runner.py:79} INFO - Running: ['***', 'tasks', 'run', 'API_ETL', 'conexion_BD', 'manual__2023-07-05T23:27:21.665489+00:00', '--job-id', '115', '--raw', '--subdir', 'DAGS_FOLDER/API_ETL.py', '--cfg-path', '/tmp/tmpnm0zsind', '--error-file', '/tmp/tmpx61xn9b2']
[2023-07-05 23:34:20,419] {standard_task_runner.py:80} INFO - Job 115: Subtask conexion_BD
[2023-07-05 23:34:20,591] {task_command.py:371} INFO - Running <TaskInstance: API_ETL.conexion_BD manual__2023-07-05T23:27:21.665489+00:00 [running]> on host 8a8d74a7cb9c
[2023-07-05 23:34:20,677] {logging_mixin.py:115} WARNING - /home/***/.local/lib/python3.7/site-packages/***/utils/context.py:202 AirflowContextDeprecationWarning: Accessing 'execution_date' from the template is deprecated and will be removed in a future version. Please use 'data_interval_start' or 'logical_date' instead.
[2023-07-05 23:34:20,773] {taskinstance.py:1591} INFO - Exporting the following env vars:
AIRFLOW_CTX_DAG_OWNER=DylanKaplan
AIRFLOW_CTX_DAG_ID=API_ETL
AIRFLOW_CTX_TASK_ID=conexion_BD
AIRFLOW_CTX_EXECUTION_DATE=2023-07-05T23:27:21.665489+00:00
AIRFLOW_CTX_TRY_NUMBER=1
AIRFLOW_CTX_DAG_RUN_ID=manual__2023-07-05T23:27:21.665489+00:00
[2023-07-05 23:34:20,776] {logging_mixin.py:115} INFO - Conectandose a la BD en la fecha: 2023-07-05 23
[2023-07-05 23:34:22,066] {logging_mixin.py:115} INFO - <connection object at 0xffffa4f59440; dsn: 'user=kaplan46611_coderhouse password=xxx dbname=data-engineer-database host=data-engineer-cluster.cyhh5bfevlmn.us-east-1.redshift.amazonaws.com port=5439', closed: 0>
[2023-07-05 23:34:22,067] {logging_mixin.py:115} INFO - Connected to Redshift successfully!
[2023-07-05 23:34:22,069] {python.py:173} INFO - Done. Returned value was: None
[2023-07-05 23:34:22,110] {taskinstance.py:1420} INFO - Marking task as SUCCESS. dag_id=API_ETL, task_id=conexion_BD, execution_date=20230705T232721, start_date=20230705T233420, end_date=20230705T233422
[2023-07-05 23:34:22,166] {local_task_job.py:156} INFO - Task exited with return code 0
[2023-07-05 23:34:22,220] {local_task_job.py:273} INFO - 1 downstream tasks scheduled from follow-on schedule check
