[2023-07-05 23:40:13,344] {taskinstance.py:1179} INFO - Dependencies all met for <TaskInstance: API_ETL.email manual__2023-07-05T23:40:09.961715+00:00 [queued]>
[2023-07-05 23:40:13,352] {taskinstance.py:1179} INFO - Dependencies all met for <TaskInstance: API_ETL.email manual__2023-07-05T23:40:09.961715+00:00 [queued]>
[2023-07-05 23:40:13,353] {taskinstance.py:1376} INFO - 
--------------------------------------------------------------------------------
[2023-07-05 23:40:13,354] {taskinstance.py:1377} INFO - Starting attempt 1 of 6
[2023-07-05 23:40:13,355] {taskinstance.py:1378} INFO - 
--------------------------------------------------------------------------------
[2023-07-05 23:40:13,366] {taskinstance.py:1397} INFO - Executing <Task(PythonOperator): email> on 2023-07-05 23:40:09.961715+00:00
[2023-07-05 23:40:13,372] {standard_task_runner.py:52} INFO - Started process 187 to run task
[2023-07-05 23:40:13,377] {standard_task_runner.py:79} INFO - Running: ['***', 'tasks', 'run', 'API_ETL', 'email', 'manual__2023-07-05T23:40:09.961715+00:00', '--job-id', '137', '--raw', '--subdir', 'DAGS_FOLDER/API_ETL.py', '--cfg-path', '/tmp/tmp7t6byvyy', '--error-file', '/tmp/tmpi_fnkfmv']
[2023-07-05 23:40:13,379] {standard_task_runner.py:80} INFO - Job 137: Subtask email
[2023-07-05 23:40:13,448] {task_command.py:371} INFO - Running <TaskInstance: API_ETL.email manual__2023-07-05T23:40:09.961715+00:00 [running]> on host 8a8d74a7cb9c
[2023-07-05 23:40:13,486] {logging_mixin.py:115} WARNING - /home/***/.local/lib/python3.7/site-packages/***/utils/context.py:202 AirflowContextDeprecationWarning: Accessing 'execution_date' from the template is deprecated and will be removed in a future version. Please use 'data_interval_start' or 'logical_date' instead.
[2023-07-05 23:40:13,524] {taskinstance.py:1591} INFO - Exporting the following env vars:
AIRFLOW_CTX_DAG_OWNER=DylanKaplan
AIRFLOW_CTX_DAG_ID=API_ETL
AIRFLOW_CTX_TASK_ID=email
AIRFLOW_CTX_EXECUTION_DATE=2023-07-05T23:40:09.961715+00:00
AIRFLOW_CTX_TRY_NUMBER=1
AIRFLOW_CTX_DAG_RUN_ID=manual__2023-07-05T23:40:09.961715+00:00
[2023-07-05 23:40:13,542] {logging_mixin.py:115} INFO - Enviando mail. Fecha: 2023-07-05 23
[2023-07-05 23:40:17,428] {logging_mixin.py:115} INFO - Exito
[2023-07-05 23:40:17,432] {python.py:173} INFO - Done. Returned value was: None
[2023-07-05 23:40:17,459] {taskinstance.py:1420} INFO - Marking task as SUCCESS. dag_id=API_ETL, task_id=email, execution_date=20230705T234009, start_date=20230705T234013, end_date=20230705T234017
[2023-07-05 23:40:17,485] {local_task_job.py:156} INFO - Task exited with return code 0
[2023-07-05 23:40:17,526] {local_task_job.py:273} INFO - 1 downstream tasks scheduled from follow-on schedule check
