[2023-07-05 23:16:23,064] {taskinstance.py:1179} INFO - Dependencies all met for <TaskInstance: API_ETL.cargar_data manual__2023-07-05T23:16:16.542757+00:00 [queued]>
[2023-07-05 23:16:23,073] {taskinstance.py:1179} INFO - Dependencies all met for <TaskInstance: API_ETL.cargar_data manual__2023-07-05T23:16:16.542757+00:00 [queued]>
[2023-07-05 23:16:23,074] {taskinstance.py:1376} INFO - 
--------------------------------------------------------------------------------
[2023-07-05 23:16:23,075] {taskinstance.py:1377} INFO - Starting attempt 1 of 6
[2023-07-05 23:16:23,076] {taskinstance.py:1378} INFO - 
--------------------------------------------------------------------------------
[2023-07-05 23:16:23,087] {taskinstance.py:1397} INFO - Executing <Task(PythonOperator): cargar_data> on 2023-07-05 23:16:16.542757+00:00
[2023-07-05 23:16:23,092] {standard_task_runner.py:52} INFO - Started process 252 to run task
[2023-07-05 23:16:23,097] {standard_task_runner.py:79} INFO - Running: ['***', 'tasks', 'run', 'API_ETL', 'cargar_data', 'manual__2023-07-05T23:16:16.542757+00:00', '--job-id', '89', '--raw', '--subdir', 'DAGS_FOLDER/API_ETL.py', '--cfg-path', '/tmp/tmp02eigte8', '--error-file', '/tmp/tmpbz9f6j3p']
[2023-07-05 23:16:23,099] {standard_task_runner.py:80} INFO - Job 89: Subtask cargar_data
[2023-07-05 23:16:23,170] {task_command.py:371} INFO - Running <TaskInstance: API_ETL.cargar_data manual__2023-07-05T23:16:16.542757+00:00 [running]> on host 8a8d74a7cb9c
[2023-07-05 23:16:23,211] {logging_mixin.py:115} WARNING - /home/***/.local/lib/python3.7/site-packages/***/utils/context.py:202 AirflowContextDeprecationWarning: Accessing 'execution_date' from the template is deprecated and will be removed in a future version. Please use 'data_interval_start' or 'logical_date' instead.
[2023-07-05 23:16:23,252] {taskinstance.py:1591} INFO - Exporting the following env vars:
AIRFLOW_CTX_DAG_OWNER=DylanKaplan
AIRFLOW_CTX_DAG_ID=API_ETL
AIRFLOW_CTX_TASK_ID=cargar_data
AIRFLOW_CTX_EXECUTION_DATE=2023-07-05T23:16:16.542757+00:00
AIRFLOW_CTX_TRY_NUMBER=1
AIRFLOW_CTX_DAG_RUN_ID=manual__2023-07-05T23:16:16.542757+00:00
[2023-07-05 23:16:23,255] {logging_mixin.py:115} INFO - Cargando la data para la fecha: 2023-07-05 23
[2023-07-05 23:16:26,124] {python.py:173} INFO - Done. Returned value was: None
[2023-07-05 23:16:26,150] {taskinstance.py:1420} INFO - Marking task as SUCCESS. dag_id=API_ETL, task_id=cargar_data, execution_date=20230705T231616, start_date=20230705T231623, end_date=20230705T231626
[2023-07-05 23:16:26,194] {local_task_job.py:156} INFO - Task exited with return code 0
[2023-07-05 23:16:26,228] {local_task_job.py:273} INFO - 0 downstream tasks scheduled from follow-on schedule check
