[2023-07-05 20:14:58,218] {taskinstance.py:1179} INFO - Dependencies all met for <TaskInstance: API_ETL.conexion_BD manual__2023-07-05T20:14:50.770061+00:00 [queued]>
[2023-07-05 20:14:58,226] {taskinstance.py:1179} INFO - Dependencies all met for <TaskInstance: API_ETL.conexion_BD manual__2023-07-05T20:14:50.770061+00:00 [queued]>
[2023-07-05 20:14:58,227] {taskinstance.py:1376} INFO - 
--------------------------------------------------------------------------------
[2023-07-05 20:14:58,227] {taskinstance.py:1377} INFO - Starting attempt 1 of 6
[2023-07-05 20:14:58,228] {taskinstance.py:1378} INFO - 
--------------------------------------------------------------------------------
[2023-07-05 20:14:58,239] {taskinstance.py:1397} INFO - Executing <Task(PythonOperator): conexion_BD> on 2023-07-05 20:14:50.770061+00:00
[2023-07-05 20:14:58,245] {standard_task_runner.py:52} INFO - Started process 219 to run task
[2023-07-05 20:14:58,250] {standard_task_runner.py:79} INFO - Running: ['***', 'tasks', 'run', 'API_ETL', 'conexion_BD', 'manual__2023-07-05T20:14:50.770061+00:00', '--job-id', '34', '--raw', '--subdir', 'DAGS_FOLDER/API_ETL.py', '--cfg-path', '/tmp/tmpph3vck1y', '--error-file', '/tmp/tmplpyej57g']
[2023-07-05 20:14:58,252] {standard_task_runner.py:80} INFO - Job 34: Subtask conexion_BD
[2023-07-05 20:14:58,323] {task_command.py:371} INFO - Running <TaskInstance: API_ETL.conexion_BD manual__2023-07-05T20:14:50.770061+00:00 [running]> on host 4c47b3d60a15
[2023-07-05 20:14:58,363] {logging_mixin.py:115} WARNING - /home/***/.local/lib/python3.7/site-packages/***/utils/context.py:202 AirflowContextDeprecationWarning: Accessing 'execution_date' from the template is deprecated and will be removed in a future version. Please use 'data_interval_start' or 'logical_date' instead.
[2023-07-05 20:14:58,412] {taskinstance.py:1591} INFO - Exporting the following env vars:
AIRFLOW_CTX_DAG_OWNER=DylanKaplan
AIRFLOW_CTX_DAG_ID=API_ETL
AIRFLOW_CTX_TASK_ID=conexion_BD
AIRFLOW_CTX_EXECUTION_DATE=2023-07-05T20:14:50.770061+00:00
AIRFLOW_CTX_TRY_NUMBER=1
AIRFLOW_CTX_DAG_RUN_ID=manual__2023-07-05T20:14:50.770061+00:00
[2023-07-05 20:14:58,415] {logging_mixin.py:115} INFO - Conectandose a la BD en la fecha: 2023-07-05 20
[2023-07-05 20:14:59,637] {logging_mixin.py:115} INFO - <connection object at 0xffff80ca1c20; dsn: 'user=kaplan46611_coderhouse password=xxx dbname=data-engineer-database host=data-engineer-cluster.cyhh5bfevlmn.us-east-1.redshift.amazonaws.com port=5439', closed: 0>
[2023-07-05 20:14:59,639] {logging_mixin.py:115} INFO - Connected to Redshift successfully!
[2023-07-05 20:14:59,641] {python.py:173} INFO - Done. Returned value was: None
[2023-07-05 20:14:59,668] {taskinstance.py:1420} INFO - Marking task as SUCCESS. dag_id=API_ETL, task_id=conexion_BD, execution_date=20230705T201450, start_date=20230705T201458, end_date=20230705T201459
[2023-07-05 20:14:59,731] {local_task_job.py:156} INFO - Task exited with return code 0
[2023-07-05 20:14:59,769] {local_task_job.py:273} INFO - 1 downstream tasks scheduled from follow-on schedule check
