[2023-07-05 23:34:40,209] {taskinstance.py:1179} INFO - Dependencies all met for <TaskInstance: API_ETL.cargar_data manual__2023-07-05T23:34:33.753717+00:00 [queued]>
[2023-07-05 23:34:40,217] {taskinstance.py:1179} INFO - Dependencies all met for <TaskInstance: API_ETL.cargar_data manual__2023-07-05T23:34:33.753717+00:00 [queued]>
[2023-07-05 23:34:40,218] {taskinstance.py:1376} INFO - 
--------------------------------------------------------------------------------
[2023-07-05 23:34:40,219] {taskinstance.py:1377} INFO - Starting attempt 1 of 6
[2023-07-05 23:34:40,219] {taskinstance.py:1378} INFO - 
--------------------------------------------------------------------------------
[2023-07-05 23:34:40,231] {taskinstance.py:1397} INFO - Executing <Task(PythonOperator): cargar_data> on 2023-07-05 23:34:33.753717+00:00
[2023-07-05 23:34:40,237] {standard_task_runner.py:52} INFO - Started process 243 to run task
[2023-07-05 23:34:40,243] {standard_task_runner.py:79} INFO - Running: ['***', 'tasks', 'run', 'API_ETL', 'cargar_data', 'manual__2023-07-05T23:34:33.753717+00:00', '--job-id', '124', '--raw', '--subdir', 'DAGS_FOLDER/API_ETL.py', '--cfg-path', '/tmp/tmp0xme3nsi', '--error-file', '/tmp/tmphhv3f0ha']
[2023-07-05 23:34:40,245] {standard_task_runner.py:80} INFO - Job 124: Subtask cargar_data
[2023-07-05 23:34:40,316] {task_command.py:371} INFO - Running <TaskInstance: API_ETL.cargar_data manual__2023-07-05T23:34:33.753717+00:00 [running]> on host 8a8d74a7cb9c
[2023-07-05 23:34:40,354] {logging_mixin.py:115} WARNING - /home/***/.local/lib/python3.7/site-packages/***/utils/context.py:202 AirflowContextDeprecationWarning: Accessing 'execution_date' from the template is deprecated and will be removed in a future version. Please use 'data_interval_start' or 'logical_date' instead.
[2023-07-05 23:34:40,392] {taskinstance.py:1591} INFO - Exporting the following env vars:
AIRFLOW_CTX_DAG_OWNER=DylanKaplan
AIRFLOW_CTX_DAG_ID=API_ETL
AIRFLOW_CTX_TASK_ID=cargar_data
AIRFLOW_CTX_EXECUTION_DATE=2023-07-05T23:34:33.753717+00:00
AIRFLOW_CTX_TRY_NUMBER=1
AIRFLOW_CTX_DAG_RUN_ID=manual__2023-07-05T23:34:33.753717+00:00
[2023-07-05 23:34:40,394] {logging_mixin.py:115} INFO - Cargando la data para la fecha: 2023-07-05 23
[2023-07-05 23:34:43,889] {python.py:173} INFO - Done. Returned value was: None
[2023-07-05 23:34:43,918] {taskinstance.py:1420} INFO - Marking task as SUCCESS. dag_id=API_ETL, task_id=cargar_data, execution_date=20230705T233433, start_date=20230705T233440, end_date=20230705T233443
[2023-07-05 23:34:43,988] {local_task_job.py:156} INFO - Task exited with return code 0
[2023-07-05 23:34:44,032] {local_task_job.py:273} INFO - 0 downstream tasks scheduled from follow-on schedule check
