[2023-07-05 14:45:27,720] {taskinstance.py:1179} INFO - Dependencies all met for <TaskInstance: API_ETL.extraer_data scheduled__2023-07-01T00:00:00+00:00 [queued]>
[2023-07-05 14:45:27,745] {taskinstance.py:1179} INFO - Dependencies all met for <TaskInstance: API_ETL.extraer_data scheduled__2023-07-01T00:00:00+00:00 [queued]>
[2023-07-05 14:45:27,754] {taskinstance.py:1376} INFO - 
--------------------------------------------------------------------------------
[2023-07-05 14:45:27,759] {taskinstance.py:1377} INFO - Starting attempt 1 of 6
[2023-07-05 14:45:27,761] {taskinstance.py:1378} INFO - 
--------------------------------------------------------------------------------
[2023-07-05 14:45:27,803] {taskinstance.py:1397} INFO - Executing <Task(PythonOperator): extraer_data> on 2023-07-01 00:00:00+00:00
[2023-07-05 14:45:27,815] {standard_task_runner.py:52} INFO - Started process 180 to run task
[2023-07-05 14:45:27,822] {standard_task_runner.py:79} INFO - Running: ['***', 'tasks', 'run', 'API_ETL', 'extraer_data', 'scheduled__2023-07-01T00:00:00+00:00', '--job-id', '24', '--raw', '--subdir', 'DAGS_FOLDER/API_ETL.py', '--cfg-path', '/tmp/tmpppwk6u6q', '--error-file', '/tmp/tmp6mev7cna']
[2023-07-05 14:45:27,826] {standard_task_runner.py:80} INFO - Job 24: Subtask extraer_data
[2023-07-05 14:45:27,991] {task_command.py:371} INFO - Running <TaskInstance: API_ETL.extraer_data scheduled__2023-07-01T00:00:00+00:00 [running]> on host c8adaca8488b
[2023-07-05 14:45:28,051] {logging_mixin.py:115} WARNING - /home/***/.local/lib/python3.7/site-packages/***/utils/context.py:202 AirflowContextDeprecationWarning: Accessing 'execution_date' from the template is deprecated and will be removed in a future version. Please use 'data_interval_start' or 'logical_date' instead.
[2023-07-05 14:45:28,136] {taskinstance.py:1591} INFO - Exporting the following env vars:
AIRFLOW_CTX_DAG_OWNER=DylanKaplan
AIRFLOW_CTX_DAG_ID=API_ETL
AIRFLOW_CTX_TASK_ID=extraer_data
AIRFLOW_CTX_EXECUTION_DATE=2023-07-01T00:00:00+00:00
AIRFLOW_CTX_TRY_NUMBER=1
AIRFLOW_CTX_DAG_RUN_ID=scheduled__2023-07-01T00:00:00+00:00
[2023-07-05 14:45:28,138] {logging_mixin.py:115} INFO - Adquiriendo data para la fecha: 2023-07-01 0
[2023-07-05 14:45:28,605] {python.py:173} INFO - Done. Returned value was: None
[2023-07-05 14:45:28,621] {taskinstance.py:1420} INFO - Marking task as SUCCESS. dag_id=API_ETL, task_id=extraer_data, execution_date=20230701T000000, start_date=20230705T144527, end_date=20230705T144528
[2023-07-05 14:45:28,649] {local_task_job.py:156} INFO - Task exited with return code 0
[2023-07-05 14:45:28,690] {local_task_job.py:273} INFO - 1 downstream tasks scheduled from follow-on schedule check
