[2023-07-05 23:13:34,487] {taskinstance.py:1179} INFO - Dependencies all met for <TaskInstance: API_ETL.email manual__2023-07-05T23:13:31.976120+00:00 [queued]>
[2023-07-05 23:13:34,495] {taskinstance.py:1179} INFO - Dependencies all met for <TaskInstance: API_ETL.email manual__2023-07-05T23:13:31.976120+00:00 [queued]>
[2023-07-05 23:13:34,496] {taskinstance.py:1376} INFO - 
--------------------------------------------------------------------------------
[2023-07-05 23:13:34,496] {taskinstance.py:1377} INFO - Starting attempt 1 of 6
[2023-07-05 23:13:34,497] {taskinstance.py:1378} INFO - 
--------------------------------------------------------------------------------
[2023-07-05 23:13:34,508] {taskinstance.py:1397} INFO - Executing <Task(PythonOperator): email> on 2023-07-05 23:13:31.976120+00:00
[2023-07-05 23:13:34,513] {standard_task_runner.py:52} INFO - Started process 185 to run task
[2023-07-05 23:13:34,518] {standard_task_runner.py:79} INFO - Running: ['***', 'tasks', 'run', 'API_ETL', 'email', 'manual__2023-07-05T23:13:31.976120+00:00', '--job-id', '77', '--raw', '--subdir', 'DAGS_FOLDER/API_ETL.py', '--cfg-path', '/tmp/tmpnhkbd87x', '--error-file', '/tmp/tmpmq8_30rp']
[2023-07-05 23:13:34,520] {standard_task_runner.py:80} INFO - Job 77: Subtask email
[2023-07-05 23:13:34,589] {task_command.py:371} INFO - Running <TaskInstance: API_ETL.email manual__2023-07-05T23:13:31.976120+00:00 [running]> on host 0808ffb1fb61
[2023-07-05 23:13:34,626] {logging_mixin.py:115} WARNING - /home/***/.local/lib/python3.7/site-packages/***/utils/context.py:202 AirflowContextDeprecationWarning: Accessing 'execution_date' from the template is deprecated and will be removed in a future version. Please use 'data_interval_start' or 'logical_date' instead.
[2023-07-05 23:13:34,664] {taskinstance.py:1591} INFO - Exporting the following env vars:
AIRFLOW_CTX_DAG_OWNER=DylanKaplan
AIRFLOW_CTX_DAG_ID=API_ETL
AIRFLOW_CTX_TASK_ID=email
AIRFLOW_CTX_EXECUTION_DATE=2023-07-05T23:13:31.976120+00:00
AIRFLOW_CTX_TRY_NUMBER=1
AIRFLOW_CTX_DAG_RUN_ID=manual__2023-07-05T23:13:31.976120+00:00
[2023-07-05 23:13:34,682] {taskinstance.py:1909} ERROR - Task failed with exception
Traceback (most recent call last):
  File "/home/airflow/.local/lib/python3.7/site-packages/pandas/core/indexes/base.py", line 3361, in get_loc
    return self._engine.get_loc(casted_key)
  File "pandas/_libs/index.pyx", line 76, in pandas._libs.index.IndexEngine.get_loc
  File "pandas/_libs/index.pyx", line 108, in pandas._libs.index.IndexEngine.get_loc
  File "pandas/_libs/hashtable_class_helper.pxi", line 5198, in pandas._libs.hashtable.PyObjectHashTable.get_item
  File "pandas/_libs/hashtable_class_helper.pxi", line 5206, in pandas._libs.hashtable.PyObjectHashTable.get_item
KeyError: 'Cerveza'

The above exception was the direct cause of the following exception:

Traceback (most recent call last):
  File "/home/airflow/.local/lib/python3.7/site-packages/airflow/operators/python.py", line 171, in execute
    return_value = self.execute_callable()
  File "/home/airflow/.local/lib/python3.7/site-packages/airflow/operators/python.py", line 189, in execute_callable
    return self.python_callable(*self.op_args, **self.op_kwargs)
  File "/opt/airflow/dags/API_ETL.py", line 87, in enviar
    if dataframe['Vino'] is True or dataframe['Cerveza'] is True:
  File "/home/airflow/.local/lib/python3.7/site-packages/pandas/core/frame.py", line 3458, in __getitem__
    indexer = self.columns.get_loc(key)
  File "/home/airflow/.local/lib/python3.7/site-packages/pandas/core/indexes/base.py", line 3363, in get_loc
    raise KeyError(key) from err
KeyError: 'Cerveza'
[2023-07-05 23:13:34,702] {taskinstance.py:1420} INFO - Marking task as UP_FOR_RETRY. dag_id=API_ETL, task_id=email, execution_date=20230705T231331, start_date=20230705T231334, end_date=20230705T231334
[2023-07-05 23:13:34,713] {standard_task_runner.py:97} ERROR - Failed to execute job 77 for task email ('Cerveza'; 185)
[2023-07-05 23:13:34,774] {local_task_job.py:156} INFO - Task exited with return code 1
[2023-07-05 23:13:34,815] {local_task_job.py:273} INFO - 0 downstream tasks scheduled from follow-on schedule check
