[2023-07-05 23:34:14,475] {taskinstance.py:1179} INFO - Dependencies all met for <TaskInstance: API_ETL.email manual__2023-07-05T23:13:31.976120+00:00 [queued]>
[2023-07-05 23:34:14,501] {taskinstance.py:1179} INFO - Dependencies all met for <TaskInstance: API_ETL.email manual__2023-07-05T23:13:31.976120+00:00 [queued]>
[2023-07-05 23:34:14,503] {taskinstance.py:1376} INFO - 
--------------------------------------------------------------------------------
[2023-07-05 23:34:14,504] {taskinstance.py:1377} INFO - Starting attempt 4 of 6
[2023-07-05 23:34:14,505] {taskinstance.py:1378} INFO - 
--------------------------------------------------------------------------------
[2023-07-05 23:34:14,594] {taskinstance.py:1397} INFO - Executing <Task(PythonOperator): email> on 2023-07-05 23:13:31.976120+00:00
[2023-07-05 23:34:14,619] {standard_task_runner.py:52} INFO - Started process 186 to run task
[2023-07-05 23:34:14,644] {standard_task_runner.py:79} INFO - Running: ['***', 'tasks', 'run', 'API_ETL', 'email', 'manual__2023-07-05T23:13:31.976120+00:00', '--job-id', '108', '--raw', '--subdir', 'DAGS_FOLDER/API_ETL.py', '--cfg-path', '/tmp/tmporjou_a3', '--error-file', '/tmp/tmpuzrfdzk7']
[2023-07-05 23:34:14,658] {standard_task_runner.py:80} INFO - Job 108: Subtask email
[2023-07-05 23:34:15,056] {task_command.py:371} INFO - Running <TaskInstance: API_ETL.email manual__2023-07-05T23:13:31.976120+00:00 [running]> on host 8a8d74a7cb9c
[2023-07-05 23:34:15,283] {logging_mixin.py:115} WARNING - /home/***/.local/lib/python3.7/site-packages/***/utils/context.py:202 AirflowContextDeprecationWarning: Accessing 'execution_date' from the template is deprecated and will be removed in a future version. Please use 'data_interval_start' or 'logical_date' instead.
[2023-07-05 23:34:15,474] {taskinstance.py:1591} INFO - Exporting the following env vars:
AIRFLOW_CTX_DAG_OWNER=DylanKaplan
AIRFLOW_CTX_DAG_ID=API_ETL
AIRFLOW_CTX_TASK_ID=email
AIRFLOW_CTX_EXECUTION_DATE=2023-07-05T23:13:31.976120+00:00
AIRFLOW_CTX_TRY_NUMBER=4
AIRFLOW_CTX_DAG_RUN_ID=manual__2023-07-05T23:13:31.976120+00:00
[2023-07-05 23:34:15,558] {logging_mixin.py:115} INFO - No se envía mail
[2023-07-05 23:34:15,560] {python.py:173} INFO - Done. Returned value was: None
[2023-07-05 23:34:15,636] {taskinstance.py:1420} INFO - Marking task as SUCCESS. dag_id=API_ETL, task_id=email, execution_date=20230705T231331, start_date=20230705T233414, end_date=20230705T233415
[2023-07-05 23:34:15,769] {local_task_job.py:156} INFO - Task exited with return code 0
[2023-07-05 23:34:15,960] {local_task_job.py:273} INFO - 0 downstream tasks scheduled from follow-on schedule check
