[2023-07-05 20:17:48,003] {taskinstance.py:1179} INFO - Dependencies all met for <TaskInstance: API_ETL.cargar_data manual__2023-07-05T20:17:44.552696+00:00 [queued]>
[2023-07-05 20:17:48,011] {taskinstance.py:1179} INFO - Dependencies all met for <TaskInstance: API_ETL.cargar_data manual__2023-07-05T20:17:44.552696+00:00 [queued]>
[2023-07-05 20:17:48,011] {taskinstance.py:1376} INFO - 
--------------------------------------------------------------------------------
[2023-07-05 20:17:48,012] {taskinstance.py:1377} INFO - Starting attempt 1 of 6
[2023-07-05 20:17:48,013] {taskinstance.py:1378} INFO - 
--------------------------------------------------------------------------------
[2023-07-05 20:17:48,027] {taskinstance.py:1397} INFO - Executing <Task(PythonOperator): cargar_data> on 2023-07-05 20:17:44.552696+00:00
[2023-07-05 20:17:48,034] {standard_task_runner.py:52} INFO - Started process 192 to run task
[2023-07-05 20:17:48,039] {standard_task_runner.py:79} INFO - Running: ['***', 'tasks', 'run', 'API_ETL', 'cargar_data', 'manual__2023-07-05T20:17:44.552696+00:00', '--job-id', '38', '--raw', '--subdir', 'DAGS_FOLDER/API_ETL.py', '--cfg-path', '/tmp/tmp7927sd9w', '--error-file', '/tmp/tmpclp3sfrt']
[2023-07-05 20:17:48,041] {standard_task_runner.py:80} INFO - Job 38: Subtask cargar_data
[2023-07-05 20:17:48,116] {task_command.py:371} INFO - Running <TaskInstance: API_ETL.cargar_data manual__2023-07-05T20:17:44.552696+00:00 [running]> on host 7d160dc60e25
[2023-07-05 20:17:48,156] {logging_mixin.py:115} WARNING - /home/***/.local/lib/python3.7/site-packages/***/utils/context.py:202 AirflowContextDeprecationWarning: Accessing 'execution_date' from the template is deprecated and will be removed in a future version. Please use 'data_interval_start' or 'logical_date' instead.
[2023-07-05 20:17:48,195] {taskinstance.py:1591} INFO - Exporting the following env vars:
AIRFLOW_CTX_DAG_OWNER=DylanKaplan
AIRFLOW_CTX_DAG_ID=API_ETL
AIRFLOW_CTX_TASK_ID=cargar_data
AIRFLOW_CTX_EXECUTION_DATE=2023-07-05T20:17:44.552696+00:00
AIRFLOW_CTX_TRY_NUMBER=1
AIRFLOW_CTX_DAG_RUN_ID=manual__2023-07-05T20:17:44.552696+00:00
[2023-07-05 20:17:48,197] {logging_mixin.py:115} INFO - Cargando la data para la fecha: 2023-07-05 20
[2023-07-05 20:17:55,570] {python.py:173} INFO - Done. Returned value was: None
[2023-07-05 20:17:55,594] {taskinstance.py:1420} INFO - Marking task as SUCCESS. dag_id=API_ETL, task_id=cargar_data, execution_date=20230705T201744, start_date=20230705T201748, end_date=20230705T201755
[2023-07-05 20:17:55,644] {local_task_job.py:156} INFO - Task exited with return code 0
[2023-07-05 20:17:55,678] {local_task_job.py:273} INFO - 1 downstream tasks scheduled from follow-on schedule check
