[2023-07-01 15:46:06,269] {taskinstance.py:1179} INFO - Dependencies all met for <TaskInstance: API_ETL.extraer_data manual__2023-07-01T15:46:05.786068+00:00 [queued]>
[2023-07-01 15:46:06,275] {taskinstance.py:1179} INFO - Dependencies all met for <TaskInstance: API_ETL.extraer_data manual__2023-07-01T15:46:05.786068+00:00 [queued]>
[2023-07-01 15:46:06,275] {taskinstance.py:1376} INFO - 
--------------------------------------------------------------------------------
[2023-07-01 15:46:06,276] {taskinstance.py:1377} INFO - Starting attempt 1 of 6
[2023-07-01 15:46:06,276] {taskinstance.py:1378} INFO - 
--------------------------------------------------------------------------------
[2023-07-01 15:46:06,284] {taskinstance.py:1397} INFO - Executing <Task(PythonOperator): extraer_data> on 2023-07-01 15:46:05.786068+00:00
[2023-07-01 15:46:06,290] {standard_task_runner.py:52} INFO - Started process 407 to run task
[2023-07-01 15:46:06,294] {standard_task_runner.py:79} INFO - Running: ['***', 'tasks', 'run', 'API_ETL', 'extraer_data', 'manual__2023-07-01T15:46:05.786068+00:00', '--job-id', '2', '--raw', '--subdir', 'DAGS_FOLDER/API_ETL.py', '--cfg-path', '/tmp/tmpdif4dyte', '--error-file', '/tmp/tmpykulkqtz']
[2023-07-01 15:46:06,296] {standard_task_runner.py:80} INFO - Job 2: Subtask extraer_data
[2023-07-01 15:46:06,356] {task_command.py:371} INFO - Running <TaskInstance: API_ETL.extraer_data manual__2023-07-01T15:46:05.786068+00:00 [running]> on host c8adaca8488b
[2023-07-01 15:46:06,389] {logging_mixin.py:115} WARNING - /home/***/.local/lib/python3.7/site-packages/***/utils/context.py:202 AirflowContextDeprecationWarning: Accessing 'execution_date' from the template is deprecated and will be removed in a future version. Please use 'data_interval_start' or 'logical_date' instead.
[2023-07-01 15:46:06,417] {taskinstance.py:1591} INFO - Exporting the following env vars:
AIRFLOW_CTX_DAG_OWNER=DylanKaplan
AIRFLOW_CTX_DAG_ID=API_ETL
AIRFLOW_CTX_TASK_ID=extraer_data
AIRFLOW_CTX_EXECUTION_DATE=2023-07-01T15:46:05.786068+00:00
AIRFLOW_CTX_TRY_NUMBER=1
AIRFLOW_CTX_DAG_RUN_ID=manual__2023-07-01T15:46:05.786068+00:00
[2023-07-01 15:46:06,419] {logging_mixin.py:115} INFO - Adquiriendo data para la fecha: 2023-07-01 15
[2023-07-01 15:46:06,840] {python.py:173} INFO - Done. Returned value was: None
[2023-07-01 15:46:06,857] {taskinstance.py:1420} INFO - Marking task as SUCCESS. dag_id=API_ETL, task_id=extraer_data, execution_date=20230701T154605, start_date=20230701T154606, end_date=20230701T154606
[2023-07-01 15:46:06,877] {local_task_job.py:156} INFO - Task exited with return code 0
[2023-07-01 15:46:06,911] {local_task_job.py:273} INFO - 1 downstream tasks scheduled from follow-on schedule check
