[2023-07-05 20:17:45,836] {taskinstance.py:1179} INFO - Dependencies all met for <TaskInstance: API_ETL.extraer_data manual__2023-07-05T20:17:44.552696+00:00 [queued]>
[2023-07-05 20:17:45,844] {taskinstance.py:1179} INFO - Dependencies all met for <TaskInstance: API_ETL.extraer_data manual__2023-07-05T20:17:44.552696+00:00 [queued]>
[2023-07-05 20:17:45,845] {taskinstance.py:1376} INFO - 
--------------------------------------------------------------------------------
[2023-07-05 20:17:45,845] {taskinstance.py:1377} INFO - Starting attempt 1 of 6
[2023-07-05 20:17:45,846] {taskinstance.py:1378} INFO - 
--------------------------------------------------------------------------------
[2023-07-05 20:17:45,856] {taskinstance.py:1397} INFO - Executing <Task(PythonOperator): extraer_data> on 2023-07-05 20:17:44.552696+00:00
[2023-07-05 20:17:45,862] {standard_task_runner.py:52} INFO - Started process 189 to run task
[2023-07-05 20:17:45,867] {standard_task_runner.py:79} INFO - Running: ['***', 'tasks', 'run', 'API_ETL', 'extraer_data', 'manual__2023-07-05T20:17:44.552696+00:00', '--job-id', '37', '--raw', '--subdir', 'DAGS_FOLDER/API_ETL.py', '--cfg-path', '/tmp/tmpotg5y4f3', '--error-file', '/tmp/tmpn8c51oz1']
[2023-07-05 20:17:45,869] {standard_task_runner.py:80} INFO - Job 37: Subtask extraer_data
[2023-07-05 20:17:45,937] {task_command.py:371} INFO - Running <TaskInstance: API_ETL.extraer_data manual__2023-07-05T20:17:44.552696+00:00 [running]> on host 7d160dc60e25
[2023-07-05 20:17:45,979] {logging_mixin.py:115} WARNING - /home/***/.local/lib/python3.7/site-packages/***/utils/context.py:202 AirflowContextDeprecationWarning: Accessing 'execution_date' from the template is deprecated and will be removed in a future version. Please use 'data_interval_start' or 'logical_date' instead.
[2023-07-05 20:17:46,017] {taskinstance.py:1591} INFO - Exporting the following env vars:
AIRFLOW_CTX_DAG_OWNER=DylanKaplan
AIRFLOW_CTX_DAG_ID=API_ETL
AIRFLOW_CTX_TASK_ID=extraer_data
AIRFLOW_CTX_EXECUTION_DATE=2023-07-05T20:17:44.552696+00:00
AIRFLOW_CTX_TRY_NUMBER=1
AIRFLOW_CTX_DAG_RUN_ID=manual__2023-07-05T20:17:44.552696+00:00
[2023-07-05 20:17:46,019] {logging_mixin.py:115} INFO - Adquiriendo data para la fecha: 2023-07-05 20
[2023-07-05 20:17:46,451] {python.py:173} INFO - Done. Returned value was: None
[2023-07-05 20:17:46,483] {taskinstance.py:1420} INFO - Marking task as SUCCESS. dag_id=API_ETL, task_id=extraer_data, execution_date=20230705T201744, start_date=20230705T201745, end_date=20230705T201746
[2023-07-05 20:17:46,540] {local_task_job.py:156} INFO - Task exited with return code 0
[2023-07-05 20:17:46,582] {local_task_job.py:273} INFO - 1 downstream tasks scheduled from follow-on schedule check
