[2023-07-05 22:50:18,834] {taskinstance.py:1179} INFO - Dependencies all met for <TaskInstance: API_ETL.extraer_data manual__2023-07-05T22:50:17.626317+00:00 [queued]>
[2023-07-05 22:50:18,842] {taskinstance.py:1179} INFO - Dependencies all met for <TaskInstance: API_ETL.extraer_data manual__2023-07-05T22:50:17.626317+00:00 [queued]>
[2023-07-05 22:50:18,843] {taskinstance.py:1376} INFO - 
--------------------------------------------------------------------------------
[2023-07-05 22:50:18,843] {taskinstance.py:1377} INFO - Starting attempt 1 of 6
[2023-07-05 22:50:18,844] {taskinstance.py:1378} INFO - 
--------------------------------------------------------------------------------
[2023-07-05 22:50:18,855] {taskinstance.py:1397} INFO - Executing <Task(PythonOperator): extraer_data> on 2023-07-05 22:50:17.626317+00:00
[2023-07-05 22:50:18,861] {standard_task_runner.py:52} INFO - Started process 189 to run task
[2023-07-05 22:50:18,866] {standard_task_runner.py:79} INFO - Running: ['***', 'tasks', 'run', 'API_ETL', 'extraer_data', 'manual__2023-07-05T22:50:17.626317+00:00', '--job-id', '44', '--raw', '--subdir', 'DAGS_FOLDER/API_ETL.py', '--cfg-path', '/tmp/tmp8ggx7rpu', '--error-file', '/tmp/tmpeobxjtuv']
[2023-07-05 22:50:18,868] {standard_task_runner.py:80} INFO - Job 44: Subtask extraer_data
[2023-07-05 22:50:18,949] {task_command.py:371} INFO - Running <TaskInstance: API_ETL.extraer_data manual__2023-07-05T22:50:17.626317+00:00 [running]> on host 7f606d972463
[2023-07-05 22:50:18,990] {logging_mixin.py:115} WARNING - /home/***/.local/lib/python3.7/site-packages/***/utils/context.py:202 AirflowContextDeprecationWarning: Accessing 'execution_date' from the template is deprecated and will be removed in a future version. Please use 'data_interval_start' or 'logical_date' instead.
[2023-07-05 22:50:19,030] {taskinstance.py:1591} INFO - Exporting the following env vars:
AIRFLOW_CTX_DAG_OWNER=DylanKaplan
AIRFLOW_CTX_DAG_ID=API_ETL
AIRFLOW_CTX_TASK_ID=extraer_data
AIRFLOW_CTX_EXECUTION_DATE=2023-07-05T22:50:17.626317+00:00
AIRFLOW_CTX_TRY_NUMBER=1
AIRFLOW_CTX_DAG_RUN_ID=manual__2023-07-05T22:50:17.626317+00:00
[2023-07-05 22:50:19,031] {logging_mixin.py:115} INFO - Adquiriendo data para la fecha: 2023-07-05 22
[2023-07-05 22:50:19,459] {python.py:173} INFO - Done. Returned value was: None
[2023-07-05 22:50:19,475] {taskinstance.py:1420} INFO - Marking task as SUCCESS. dag_id=API_ETL, task_id=extraer_data, execution_date=20230705T225017, start_date=20230705T225018, end_date=20230705T225019
[2023-07-05 22:50:19,503] {local_task_job.py:156} INFO - Task exited with return code 0
[2023-07-05 22:50:19,551] {local_task_job.py:273} INFO - 1 downstream tasks scheduled from follow-on schedule check
