[2023-07-05 22:50:20,552] {taskinstance.py:1179} INFO - Dependencies all met for <TaskInstance: API_ETL.email manual__2023-07-05T22:50:17.626317+00:00 [queued]>
[2023-07-05 22:50:20,560] {taskinstance.py:1179} INFO - Dependencies all met for <TaskInstance: API_ETL.email manual__2023-07-05T22:50:17.626317+00:00 [queued]>
[2023-07-05 22:50:20,560] {taskinstance.py:1376} INFO - 
--------------------------------------------------------------------------------
[2023-07-05 22:50:20,561] {taskinstance.py:1377} INFO - Starting attempt 1 of 6
[2023-07-05 22:50:20,562] {taskinstance.py:1378} INFO - 
--------------------------------------------------------------------------------
[2023-07-05 22:50:20,573] {taskinstance.py:1397} INFO - Executing <Task(PythonOperator): email> on 2023-07-05 22:50:17.626317+00:00
[2023-07-05 22:50:20,579] {standard_task_runner.py:52} INFO - Started process 192 to run task
[2023-07-05 22:50:20,584] {standard_task_runner.py:79} INFO - Running: ['***', 'tasks', 'run', 'API_ETL', 'email', 'manual__2023-07-05T22:50:17.626317+00:00', '--job-id', '45', '--raw', '--subdir', 'DAGS_FOLDER/API_ETL.py', '--cfg-path', '/tmp/tmpbauq25y3', '--error-file', '/tmp/tmp_dbw8627']
[2023-07-05 22:50:20,586] {standard_task_runner.py:80} INFO - Job 45: Subtask email
[2023-07-05 22:50:20,653] {task_command.py:371} INFO - Running <TaskInstance: API_ETL.email manual__2023-07-05T22:50:17.626317+00:00 [running]> on host 7f606d972463
[2023-07-05 22:50:20,691] {logging_mixin.py:115} WARNING - /home/***/.local/lib/python3.7/site-packages/***/utils/context.py:202 AirflowContextDeprecationWarning: Accessing 'execution_date' from the template is deprecated and will be removed in a future version. Please use 'data_interval_start' or 'logical_date' instead.
[2023-07-05 22:50:20,730] {taskinstance.py:1591} INFO - Exporting the following env vars:
AIRFLOW_CTX_DAG_OWNER=DylanKaplan
AIRFLOW_CTX_DAG_ID=API_ETL
AIRFLOW_CTX_TASK_ID=email
AIRFLOW_CTX_EXECUTION_DATE=2023-07-05T22:50:17.626317+00:00
AIRFLOW_CTX_TRY_NUMBER=1
AIRFLOW_CTX_DAG_RUN_ID=manual__2023-07-05T22:50:17.626317+00:00
[2023-07-05 22:50:20,748] {logging_mixin.py:115} INFO - Enviando mail. Fecha: 2023-07-05 22
[2023-07-05 22:50:23,779] {logging_mixin.py:115} INFO - Exito
[2023-07-05 22:50:23,781] {python.py:173} INFO - Done. Returned value was: None
[2023-07-05 22:50:23,802] {taskinstance.py:1420} INFO - Marking task as SUCCESS. dag_id=API_ETL, task_id=email, execution_date=20230705T225017, start_date=20230705T225020, end_date=20230705T225023
[2023-07-05 22:50:23,861] {local_task_job.py:156} INFO - Task exited with return code 0
[2023-07-05 22:50:23,903] {local_task_job.py:273} INFO - 1 downstream tasks scheduled from follow-on schedule check
