[2023-07-05 23:34:14,699] {taskinstance.py:1179} INFO - Dependencies all met for <TaskInstance: API_ETL.email manual__2023-07-05T23:27:21.665489+00:00 [queued]>
[2023-07-05 23:34:14,752] {taskinstance.py:1179} INFO - Dependencies all met for <TaskInstance: API_ETL.email manual__2023-07-05T23:27:21.665489+00:00 [queued]>
[2023-07-05 23:34:14,756] {taskinstance.py:1376} INFO - 
--------------------------------------------------------------------------------
[2023-07-05 23:34:14,758] {taskinstance.py:1377} INFO - Starting attempt 2 of 6
[2023-07-05 23:34:14,760] {taskinstance.py:1378} INFO - 
--------------------------------------------------------------------------------
[2023-07-05 23:34:14,823] {taskinstance.py:1397} INFO - Executing <Task(PythonOperator): email> on 2023-07-05 23:27:21.665489+00:00
[2023-07-05 23:34:14,839] {standard_task_runner.py:52} INFO - Started process 189 to run task
[2023-07-05 23:34:14,897] {standard_task_runner.py:79} INFO - Running: ['***', 'tasks', 'run', 'API_ETL', 'email', 'manual__2023-07-05T23:27:21.665489+00:00', '--job-id', '110', '--raw', '--subdir', 'DAGS_FOLDER/API_ETL.py', '--cfg-path', '/tmp/tmpp9l02l2g', '--error-file', '/tmp/tmp5vtkgsao']
[2023-07-05 23:34:14,919] {standard_task_runner.py:80} INFO - Job 110: Subtask email
[2023-07-05 23:34:15,318] {task_command.py:371} INFO - Running <TaskInstance: API_ETL.email manual__2023-07-05T23:27:21.665489+00:00 [running]> on host 8a8d74a7cb9c
[2023-07-05 23:34:15,484] {logging_mixin.py:115} WARNING - /home/***/.local/lib/python3.7/site-packages/***/utils/context.py:202 AirflowContextDeprecationWarning: Accessing 'execution_date' from the template is deprecated and will be removed in a future version. Please use 'data_interval_start' or 'logical_date' instead.
[2023-07-05 23:34:15,638] {taskinstance.py:1591} INFO - Exporting the following env vars:
AIRFLOW_CTX_DAG_OWNER=DylanKaplan
AIRFLOW_CTX_DAG_ID=API_ETL
AIRFLOW_CTX_TASK_ID=email
AIRFLOW_CTX_EXECUTION_DATE=2023-07-05T23:27:21.665489+00:00
AIRFLOW_CTX_TRY_NUMBER=2
AIRFLOW_CTX_DAG_RUN_ID=manual__2023-07-05T23:27:21.665489+00:00
[2023-07-05 23:34:15,688] {logging_mixin.py:115} INFO - No se envía mail
[2023-07-05 23:34:15,690] {python.py:173} INFO - Done. Returned value was: None
[2023-07-05 23:34:15,822] {taskinstance.py:1420} INFO - Marking task as SUCCESS. dag_id=API_ETL, task_id=email, execution_date=20230705T232721, start_date=20230705T233414, end_date=20230705T233415
[2023-07-05 23:34:15,952] {local_task_job.py:156} INFO - Task exited with return code 0
[2023-07-05 23:34:16,376] {local_task_job.py:273} INFO - 1 downstream tasks scheduled from follow-on schedule check
