[2023-07-05 23:40:11,507] {taskinstance.py:1179} INFO - Dependencies all met for <TaskInstance: API_ETL.extraer_data manual__2023-07-05T23:40:09.961715+00:00 [queued]>
[2023-07-05 23:40:11,515] {taskinstance.py:1179} INFO - Dependencies all met for <TaskInstance: API_ETL.extraer_data manual__2023-07-05T23:40:09.961715+00:00 [queued]>
[2023-07-05 23:40:11,516] {taskinstance.py:1376} INFO - 
--------------------------------------------------------------------------------
[2023-07-05 23:40:11,517] {taskinstance.py:1377} INFO - Starting attempt 1 of 6
[2023-07-05 23:40:11,517] {taskinstance.py:1378} INFO - 
--------------------------------------------------------------------------------
[2023-07-05 23:40:11,529] {taskinstance.py:1397} INFO - Executing <Task(PythonOperator): extraer_data> on 2023-07-05 23:40:09.961715+00:00
[2023-07-05 23:40:11,535] {standard_task_runner.py:52} INFO - Started process 184 to run task
[2023-07-05 23:40:11,540] {standard_task_runner.py:79} INFO - Running: ['***', 'tasks', 'run', 'API_ETL', 'extraer_data', 'manual__2023-07-05T23:40:09.961715+00:00', '--job-id', '136', '--raw', '--subdir', 'DAGS_FOLDER/API_ETL.py', '--cfg-path', '/tmp/tmpklq4phwk', '--error-file', '/tmp/tmpz32luz_j']
[2023-07-05 23:40:11,542] {standard_task_runner.py:80} INFO - Job 136: Subtask extraer_data
[2023-07-05 23:40:11,612] {task_command.py:371} INFO - Running <TaskInstance: API_ETL.extraer_data manual__2023-07-05T23:40:09.961715+00:00 [running]> on host 8a8d74a7cb9c
[2023-07-05 23:40:11,649] {logging_mixin.py:115} WARNING - /home/***/.local/lib/python3.7/site-packages/***/utils/context.py:202 AirflowContextDeprecationWarning: Accessing 'execution_date' from the template is deprecated and will be removed in a future version. Please use 'data_interval_start' or 'logical_date' instead.
[2023-07-05 23:40:11,687] {taskinstance.py:1591} INFO - Exporting the following env vars:
AIRFLOW_CTX_DAG_OWNER=DylanKaplan
AIRFLOW_CTX_DAG_ID=API_ETL
AIRFLOW_CTX_TASK_ID=extraer_data
AIRFLOW_CTX_EXECUTION_DATE=2023-07-05T23:40:09.961715+00:00
AIRFLOW_CTX_TRY_NUMBER=1
AIRFLOW_CTX_DAG_RUN_ID=manual__2023-07-05T23:40:09.961715+00:00
[2023-07-05 23:40:11,689] {logging_mixin.py:115} INFO - Adquiriendo data para la fecha: 2023-07-05 23
[2023-07-05 23:40:12,110] {python.py:173} INFO - Done. Returned value was: None
[2023-07-05 23:40:12,132] {taskinstance.py:1420} INFO - Marking task as SUCCESS. dag_id=API_ETL, task_id=extraer_data, execution_date=20230705T234009, start_date=20230705T234011, end_date=20230705T234012
[2023-07-05 23:40:12,170] {local_task_job.py:156} INFO - Task exited with return code 0
[2023-07-05 23:40:12,216] {local_task_job.py:273} INFO - 1 downstream tasks scheduled from follow-on schedule check
